# JRE version: OpenJDK Runtime Environment Corretto-17.0.13.11.1 (17.0.13+11) (build 17.0.13+11-LTS)
# Java VM: OpenJDK 64-Bit Server VM Corretto-17.0.13.11.1 (17.0.13+11-LTS, mixed mode, sharing, tiered, compressed oops, compressed class ptrs, g1 gc, windows-amd64)
GC Precious Log:
 CPUs: 6 total, 6 available
 Memory: 16300M
 Large Page Support: Disabled
 NUMA Support: Disabled
 Compressed Oops: Enabled (Zero based)
 Heap Region Size: 2M
 Heap Min Capacity: 8M
 Heap Initial Capacity: 256M
 Heap Max Capacity: 3G
 Pre-touch: Disabled
 Parallel Workers: 6
 Concurrent Workers: 2
 Concurrent Refinement Workers: 6
 Periodic GC: Disabled
Heap:
 garbage-first heap   total 397312K, used 193676K [0x0000000740000000, 0x0000000800000000)
  region size 2048K, 11 young (22528K), 8 survivors (16384K)
 Metaspace       used 105164K, committed 106240K, reserved 1179648K
  class space    used 14048K, committed 14592K, reserved 1048576K
GC Heap History (20 events):
Event: 13.842 GC heap before
{Heap before GC invocations=43 (full 0):
 garbage-first heap   total 198656K, used 156624K [0x0000000740000000, 0x0000000800000000)
  region size 2048K, 25 young (51200K), 2 survivors (4096K)
 Metaspace       used 92326K, committed 93056K, reserved 1179648K
  class space    used 12683K, committed 13056K, reserved 1048576K
}
Event: 13.846 GC heap after
{Heap after GC invocations=44 (full 0):
 garbage-first heap   total 198656K, used 114195K [0x0000000740000000, 0x0000000800000000)
  region size 2048K, 3 young (6144K), 3 survivors (6144K)
 Metaspace       used 92326K, committed 93056K, reserved 1179648K
  class space    used 12683K, committed 13056K, reserved 1048576K
}
Event: 13.860 GC heap before
{Heap before GC invocations=44 (full 0):
 garbage-first heap   total 198656K, used 114195K [0x0000000740000000, 0x0000000800000000)
  region size 2048K, 4 young (8192K), 3 survivors (6144K)
 Metaspace       used 92326K, committed 93056K, reserved 1179648K
  class space    used 12683K, committed 13056K, reserved 1048576K
}
Event: 13.862 GC heap after
{Heap after GC invocations=45 (full 0):
 garbage-first heap   total 198656K, used 114276K [0x0000000740000000, 0x0000000800000000)
  region size 2048K, 1 young (2048K), 1 survivors (2048K)
 Metaspace       used 92326K, committed 93056K, reserved 1179648K
  class space    used 12683K, committed 13056K, reserved 1048576K
}
Event: 14.268 GC heap before
{Heap before GC invocations=45 (full 0):
 garbage-first heap   total 198656K, used 163428K [0x0000000740000000, 0x0000000800000000)
  region size 2048K, 26 young (53248K), 1 survivors (2048K)
 Metaspace       used 92574K, committed 93312K, reserved 1179648K
  class space    used 12698K, committed 13056K, reserved 1048576K
}
Event: 14.271 GC heap after
{Heap after GC invocations=46 (full 0):
 garbage-first heap   total 397312K, used 116420K [0x0000000740000000, 0x0000000800000000)
  region size 2048K, 2 young (4096K), 2 survivors (4096K)
 Metaspace       used 92574K, committed 93312K, reserved 1179648K
  class space    used 12698K, committed 13056K, reserved 1048576K
}
Event: 341.204 GC heap before
{Heap before GC invocations=47 (full 0):
 garbage-first heap   total 397312K, used 323268K [0x0000000740000000, 0x0000000800000000)
  region size 2048K, 103 young (210944K), 2 survivors (4096K)
 Metaspace       used 94766K, committed 95552K, reserved 1179648K
  class space    used 12886K, committed 13248K, reserved 1048576K
}
Event: 341.219 GC heap after
{Heap after GC invocations=48 (full 0):
 garbage-first heap   total 397312K, used 132887K [0x0000000740000000, 0x0000000800000000)
  region size 2048K, 10 young (20480K), 10 survivors (20480K)
 Metaspace       used 94766K, committed 95552K, reserved 1179648K
  class space    used 12886K, committed 13248K, reserved 1048576K
}
Event: 341.239 GC heap before
{Heap before GC invocations=48 (full 0):
 garbage-first heap   total 397312K, used 132887K [0x0000000740000000, 0x0000000800000000)
  region size 2048K, 11 young (22528K), 10 survivors (20480K)
 Metaspace       used 94766K, committed 95552K, reserved 1179648K
  class space    used 12886K, committed 13248K, reserved 1048576K
}
Event: 341.252 GC heap after
{Heap after GC invocations=49 (full 0):
 garbage-first heap   total 397312K, used 134225K [0x0000000740000000, 0x0000000800000000)
  region size 2048K, 1 young (2048K), 1 survivors (2048K)
 Metaspace       used 94766K, committed 95552K, reserved 1179648K
  class space    used 12886K, committed 13248K, reserved 1048576K
}
Event: 721.451 GC heap before
{Heap before GC invocations=49 (full 0):
 garbage-first heap   total 397312K, used 310353K [0x0000000740000000, 0x0000000800000000)
  region size 2048K, 88 young (180224K), 1 survivors (2048K)
 Metaspace       used 100218K, committed 101184K, reserved 1179648K
  class space    used 13582K, committed 14080K, reserved 1048576K
}
Event: 721.470 GC heap after
{Heap after GC invocations=50 (full 0):
 garbage-first heap   total 397312K, used 148962K [0x0000000740000000, 0x0000000800000000)
  region size 2048K, 9 young (18432K), 9 survivors (18432K)
 Metaspace       used 100218K, committed 101184K, reserved 1179648K
  class space    used 13582K, committed 14080K, reserved 1048576K
}
Event: 1162.309 GC heap before
{Heap before GC invocations=50 (full 0):
 garbage-first heap   total 397312K, used 312802K [0x0000000740000000, 0x0000000800000000)
  region size 2048K, 89 young (182272K), 9 survivors (18432K)
 Metaspace       used 100937K, committed 101952K, reserved 1179648K
  class space    used 13615K, committed 14144K, reserved 1048576K
}
Event: 1162.332 GC heap after
{Heap after GC invocations=51 (full 0):
 garbage-first heap   total 397312K, used 166170K [0x0000000740000000, 0x0000000800000000)
  region size 2048K, 9 young (18432K), 9 survivors (18432K)
 Metaspace       used 100937K, committed 101952K, reserved 1179648K
  class space    used 13615K, committed 14144K, reserved 1048576K
}
Event: 1853.081 GC heap before
{Heap before GC invocations=52 (full 0):
 garbage-first heap   total 397312K, used 313626K [0x0000000740000000, 0x0000000800000000)
  region size 2048K, 81 young (165888K), 9 survivors (18432K)
 Metaspace       used 101413K, committed 102400K, reserved 1179648K
  class space    used 13644K, committed 14144K, reserved 1048576K
}
Event: 1853.111 GC heap after
{Heap after GC invocations=53 (full 0):
 garbage-first heap   total 397312K, used 178868K [0x0000000740000000, 0x0000000800000000)
  region size 2048K, 7 young (14336K), 7 survivors (14336K)
 Metaspace       used 101413K, committed 102400K, reserved 1179648K
  class space    used 13644K, committed 14144K, reserved 1048576K
}
Event: 1853.184 GC heap before
{Heap before GC invocations=53 (full 0):
 garbage-first heap   total 397312K, used 182964K [0x0000000740000000, 0x0000000800000000)
  region size 2048K, 9 young (18432K), 7 survivors (14336K)
 Metaspace       used 101423K, committed 102400K, reserved 1179648K
  class space    used 13644K, committed 14144K, reserved 1048576K
}
Event: 1853.199 GC heap after
{Heap after GC invocations=54 (full 0):
 garbage-first heap   total 397312K, used 175580K [0x0000000740000000, 0x0000000800000000)
  region size 2048K, 1 young (2048K), 1 survivors (2048K)
 Metaspace       used 101423K, committed 102400K, reserved 1179648K
  class space    used 13644K, committed 14144K, reserved 1048576K
}
Event: 1857.534 GC heap before
{Heap before GC invocations=54 (full 0):
 garbage-first heap   total 397312K, used 316892K [0x0000000740000000, 0x0000000800000000)
  region size 2048K, 71 young (145408K), 1 survivors (2048K)
 Metaspace       used 105122K, committed 106176K, reserved 1179648K
  class space    used 14039K, committed 14592K, reserved 1048576K
}
Event: 1857.550 GC heap after
{Heap after GC invocations=55 (full 0):
 garbage-first heap   total 397312K, used 189580K [0x0000000740000000, 0x0000000800000000)
  region size 2048K, 8 young (16384K), 8 survivors (16384K)
 Metaspace       used 105122K, committed 106176K, reserved 1179648K
  class space    used 14039K, committed 14592K, reserved 1048576K
}

